Errors: 
multiple root nodes found ('resin:Events/00001/General-IED', 'resin:Events/00029/Justice-Acquit-Unspecified', 'resin:Events/00016/Contact-Contact-Unspecified', 'resin:Events/00017/Life-Die-Unspecified', 'resin:Events/00032/Justice-ArrestJailDetain-Unspecified', 'resin:Events/00011/Conflict-Demonstrate-Unspecified')
Warnings: 
entity resin:Entities/00001/teacher-trainer has only been referred to once
entity resin:Entities/00002/field-of-knowledge has only been referred to once
entity resin:Entities/00003/learner has only been referred to once
entity resin:Entities/00004/means has only been referred to once
entity resin:Entities/00006/attacker has only been referred to once
entity resin:Entities/00007/target has only been referred to once
entity resin:Entities/00008/instrument has only been referred to once
entity resin:Entities/00009/place has only been referred to once
entity resin:Entities/00010/attacker has only been referred to once
entity resin:Entities/00011/target has only been referred to once
entity resin:Entities/00012/instrument has only been referred to once
entity resin:Entities/00013/place has only been referred to once
entity resin:Entities/00014/giver has only been referred to once
entity resin:Entities/00015/recipient has only been referred to once
entity resin:Entities/00016/acquired-entity has only been referred to once
entity resin:Entities/00017/payment-barter has only been referred to once
entity resin:Entities/00018/beneficiary has only been referred to once
entity resin:Entities/00019/transporter has only been referred to once
entity resin:Entities/00020/passenger-artifact has only been referred to once
entity resin:Entities/00021/vehicle has only been referred to once
entity resin:Entities/00022/origin has only been referred to once
entity resin:Entities/00023/destination has only been referred to once
entity resin:Entities/00024/manufacturerassembler has only been referred to once
entity resin:Entities/00025/artifact has only been referred to once
entity resin:Entities/00026/components has only been referred to once
entity resin:Entities/00027/instrument has only been referred to once
entity resin:Entities/00028/place has only been referred to once
entity resin:Entities/00029/damager has only been referred to once
entity resin:Entities/00030/artifact has only been referred to once
entity resin:Entities/00031/instrument has only been referred to once
entity resin:Entities/00032/place has only been referred to once
entity resin:Entities/00033/victim has only been referred to once
entity resin:Entities/00034/injurer has only been referred to once
entity resin:Entities/00035/instrument has only been referred to once
entity resin:Entities/00038/demonstrator has only been referred to once
entity resin:Entities/00041/topic has only been referred to once
entity resin:Entities/00043/place has only been referred to once
entity resin:Entities/00044/demonstrator has only been referred to once
entity resin:Entities/00047/topic has only been referred to once
entity resin:Entities/00049/place has only been referred to once
entity resin:Entities/00050/attacker has only been referred to once
entity resin:Entities/00051/target has only been referred to once
entity resin:Entities/00052/instrument has only been referred to once
entity resin:Entities/00054/place has only been referred to once
entity resin:Entities/00055/treater has only been referred to once
entity resin:Entities/00056/patient has only been referred to once
entity resin:Entities/00057/medicalissue has only been referred to once
entity resin:Entities/00058/instrument has only been referred to once
entity resin:Entities/00059/place has only been referred to once
entity resin:Entities/00060/destroyer has only been referred to once
entity resin:Entities/00061/artifact has only been referred to once
entity resin:Entities/00062/instrument has only been referred to once
entity resin:Entities/00063/place has only been referred to once
entity resin:Entities/00064/transporter has only been referred to once
entity resin:Entities/00065/passengerartifact has only been referred to once
entity resin:Entities/00066/vehicle has only been referred to once
entity resin:Entities/00067/origin has only been referred to once
entity resin:Entities/00068/destination has only been referred to once
entity resin:Entities/00069/participant has only been referred to once
entity resin:Entities/00070/participant has only been referred to once
entity resin:Entities/00071/topic has only been referred to once
entity resin:Entities/00072/place has only been referred to once
entity resin:Entities/00073/victim has only been referred to once
entity resin:Entities/00074/place has only been referred to once
entity resin:Entities/00076/medicalissue has only been referred to once
entity resin:Entities/00077/victim2 has only been referred to once
entity resin:Entities/00078/place has only been referred to once
entity resin:Entities/00080/medicalissue has only been referred to once
entity resin:Entities/00081/transporter has only been referred to once
entity resin:Entities/00082/passenger-artifact has only been referred to once
entity resin:Entities/00083/vehicle has only been referred to once
entity resin:Entities/00084/origin has only been referred to once
entity resin:Entities/00085/destination has only been referred to once
entity resin:Entities/00086/identifier has only been referred to once
entity resin:Entities/00087/identifiedobject has only been referred to once
entity resin:Entities/00088/identifiedrole has only been referred to once
entity resin:Entities/00089/place has only been referred to once
entity resin:Entities/00090/participant has only been referred to once
entity resin:Entities/00091/instrument has only been referred to once
entity resin:Entities/00092/topic has only been referred to once
entity resin:Entities/00093/place has only been referred to once
entity resin:Entities/00094/participant has only been referred to once
entity resin:Entities/00095/participant has only been referred to once
entity resin:Entities/00096/topic has only been referred to once
entity resin:Entities/00097/place has only been referred to once
entity resin:Entities/00098/observer has only been referred to once
entity resin:Entities/00099/observedentity has only been referred to once
entity resin:Entities/00100/instrument has only been referred to once
entity resin:Entities/00101/place has only been referred to once
entity resin:Entities/00102/participant has only been referred to once
entity resin:Entities/00103/participant has only been referred to once
entity resin:Entities/00105/place has only been referred to once
entity resin:Entities/00106/transporter has only been referred to once
entity resin:Entities/00107/passengerartifact has only been referred to once
entity resin:Entities/00108/vehicle has only been referred to once
entity resin:Entities/00109/origin has only been referred to once
entity resin:Entities/00110/destination has only been referred to once
entity resin:Entities/00111/prosecutor has only been referred to once
entity resin:Entities/00112/defendant has only been referred to once
entity resin:Entities/00114/crime has only been referred to once
entity resin:Entities/00115/place has only been referred to once
entity resin:Entities/00116/jailer has only been referred to once
entity resin:Entities/00117/detainee has only been referred to once
entity resin:Entities/00118/crime has only been referred to once
entity resin:Entities/00119/place has only been referred to once
entity resin:Entities/00120/prosecutor has only been referred to once
entity resin:Entities/00121/defendant has only been referred to once
entity resin:Entities/00122/judgecourt has only been referred to once
entity resin:Entities/00123/crime has only been referred to once
entity resin:Entities/00124/place has only been referred to once
entity resin:Entities/00125/judgecourt has only been referred to once
entity resin:Entities/00126/defendant has only been referred to once
entity resin:Entities/00127/place has only been referred to once
entity resin:Entities/00128/judgecourt has only been referred to once
entity resin:Entities/00129/defendant has only been referred to once
entity resin:Entities/00130/place has only been referred to once
entity resin:Entities/00131/judgecourt has only been referred to once
entity resin:Entities/00132/defendant has only been referred to once
entity resin:Entities/00133/sentence has only been referred to once
entity resin:Entities/00134/place has only been referred to once
entity resin:Entities/00135/jailer has only been referred to once
entity resin:Entities/00136/detainee has only been referred to once
entity resin:Entities/00137/crime has only been referred to once
entity resin:Entities/00138/place has only been referred to once
