Errors: 
qnode value wiki:Q152074 of event kairos:Events/00001/Bankruptcy invalid.
qnode value wiki:Q3604747 of event kairos:Events/00002/Acquisition invalid.
qnode value wiki:Q1363768 of event kairos:Events/00003/Merger invalid.
qnode value wiki:Q1200733 of event kairos:Events/00004/Divestment invalid.
qnode value wiki:Q105764136 of event kairos:Events/00005/PersonnelChange invalid.
qnode value wiki:Q4128962 of event kairos:Events/00006/Shutdown invalid.
qnode value wiki:Q2503234 of event kairos:Events/00007/Reorganization invalid.
qnode value wiki:Q3075355 of event kairos:Events/00008/Founding invalid.
qnode value wiki:Q21004260 of event kairos:Events/00009/Investigation invalid.
qnode value wiki:Q192909 of event kairos:Events/00010/Scandal invalid.
qnode value wiki:Q5167661 of event kairos:Events/00011/CorporateJustice invalid.
qnode value wiki:Q10858400 of event kairos:Events/00012/PoliticalCorruption invalid.
qnode value wiki:Q366 of event kairos:Events/00013/Corruption invalid.
qnode value wiki:Q1920566 of event kairos:Events/00014/Response invalid.
qnode value wiki:Q1161355 of event kairos:Events/00015/Fundraising invalid.
qnode value wiki:Q185142 of event kairos:Events/00016/IPO invalid.
qnode value wiki:Q58900637 of event kairos:Events/00017/PrivateFunding invalid.
qnode value wiki:Q21651837 of event kairos:Events/00019/Sell invalid.
qnode value wiki:Q1589009 of event kairos:Events/00020/Privatize invalid.
qnode value wiki:Q21014657 of event kairos:Events/00021/Assign invalid.
qnode value wiki:Q8016240 of event kairos:Events/00022/BankruptcyCase invalid.
qnode value wiki:Q21130860 of event kairos:Events/00023/TransferMoney invalid.
qnode value wiki:Q107196812 of event kairos:Events/00024/ExecutiveBonus invalid.
qnode value wiki:Q116348 of event kairos:Events/00025/ManagementChange invalid.
qnode value wiki:Q44312 of event kairos:Events/00026/GovernmentBailout invalid.
qnode value wiki:Q3366101 of event kairos:Events/00027/CreatePartnership invalid.
qnode value wiki:Q12769393 of event kairos:Events/00028/EndPartnership invalid.
qnode value wiki:Q12769393 of event kairos:Events/00029/ExitBankruptcy invalid.
qnode value wiki:Q1243001 of event kairos:Events/00030/Fine invalid.
qnode value wiki:Q428148 of event kairos:Events/00031/AskRegulators invalid.
qnode value wiki:Q1363768 of event kairos:Events/00032/ProposeMerger invalid.
qnode value wiki:Q3604747 of event kairos:Events/00033/ProposeAcquisition invalid.
qnode value wiki:Q321839 of event kairos:Events/00034/RegulatoryApproval invalid.
qnode value wiki:Q98398200 of event kairos:Events/00035/RegulatoryRejection invalid.
qnode value wiki:Q1920566 of event kairos:Events/00037/RegulatoryResponse invalid.
qnode value wiki:Q13370881 of event kairos:Events/00038/CorporateCriminalResponse invalid.
qnode value wiki:Q1920566 of event kairos:Events/00039/BankruptcyResponse invalid.
qnode value wiki:Q1964968 of event kairos:Events/00040/CorporateCriminalInquiry invalid.
qnode value wiki:Q1403016 of event kairos:Events/00041/ArrestExec invalid.
qnode value wiki:Q326498 of event kairos:Events/00042/Breakup invalid.
qnode value wiki:Q61221204 of event kairos:Events/00043/AntiTrustInvestigation invalid.
qnode value wiki:Q321839 of event kairos:Events/00044/AntiTrustApproval invalid.
qnode value wiki:Q98398200 of event kairos:Events/00045/AntiTrustRegulatoryRejection invalid.
qnode value wiki:Q321839 of event kairos:Events/00047/CorporateCriminalApproval invalid.
qnode value wiki:Q98398200 of event kairos:Events/00048/CorporateCriminalRejection invalid.
qnode value wiki:Q17052147 of event kairos:Events/00050/JobCuts invalid.
qnode value wiki:Q381136 of event kairos:Events/00051/AskShareholders invalid.
qnode value wiki:Q1920566 of event kairos:Events/00052/ShareHolderResponse invalid.
qnode value wiki:Q321839 of event kairos:Events/00053/ShareHolderApproval invalid.
qnode value wiki:Q98398200 of event kairos:Events/00054/ShareHolderRejection invalid.
qnode value wiki:Q484876 of entity kairos:Entities/00001/CEO invalid.
qnode value wiki:Q978044 of entity kairos:Entities/00002/Executive invalid.
qnode value wiki:Q105764136 of entity kairos:Entities/00003/Personnel invalid.
qnode value wiki:Q783794 of entity kairos:Entities/00004/Company invalid.
qnode value wiki:Q61268336 of entity kairos:Entities/00005/Founder invalid.
qnode value wiki:Q7188 of entity kairos:Entities/00006/Government invalid.
qnode value wiki:Q557880 of entity kairos:Entities/00007/Investor invalid.
qnode value wiki:Q46737 of entity kairos:Entities/00008/Assets invalid.
qnode value wiki:Q1368 of entity kairos:Entities/00009/Money invalid.
qnode value wiki:Q3796928 of entity kairos:Entities/00010/GovernmentEmployee invalid.
qnode value wiki:Q2047357 of entity kairos:Entities/00011/Trustee invalid.
qnode value wiki:Q2047357 of entity kairos:Entities/00012/Investigator invalid.
qnode value wiki:Q381136 of entity kairos:Entities/00013/Shareholder invalid.
multiple root nodes found ('kairos:Events/00046/Container:AntiTrustXOR', 'kairos:Events/00000/BusinessChange', 'resin:Events/10065/Steps_kairos:Primitives_Events_Justice', 'kairos:Events/00005/PersonnelChange', 'kairos:Events/00049/Container:CorporateCriminalXOR', 'resin:Events/10089/Steps_kairos:Container:104', 'kairos:Events/00055/Container:ShareHolderResponseXOR', 'kairos:Events/00014/Response', 'kairos:Events/00036/Container:RegulatoryResponseXOR', 'kairos:Events/00013/Corruption', 'kairos:Events/00018/BankruptcyActions', 'kairos:Events/00026/GovernmentBailout')
Warnings: 
event kairos:Events/00012/PoliticalCorruption has no participants
event kairos:Events/00013/Corruption has no participants
event kairos:Events/00016/IPO has no participants
event kairos:Events/00017/PrivateFunding has no participants
event resin:Events/10039/Steps_kairos:Primitives_Events_Identifycategorize has no participants
event resin:Events/10040/Steps_kairos:Primitives_Events_Contact has no participants
event resin:Events/10042/Steps_kairos:Primitives_Events_Inspect has no participants
event resin:Events/10047/Steps_kairos:Primitives_Events_Sentence has no participants
event resin:Events/10048/Steps_kairos:Primitives_Events_Detain has no participants
event resin:Events/10049/Steps_kairos:Primitives_Events_Release_Parole has no participants
event resin:Events/10050/Steps_kairos:Primitives_Events_Acquit has no participants
event resin:Events/10080/Steps_kairos:Primitives_Events_Handcuffing has no participants
event resin:Events/10081/Steps_kairos:Primitives_Events_Interrogation has no participants
event resin:Events/10082/Steps_kairos:Primitives_Events_Restrain has no participants
entity kairos:Entities/00005/Founder has only been referred to once
entity kairos:Entities/00011/Trustee has only been referred to once
entity kairos:Entities/00010/GovernmentEmployee has only been referred to once
entity kairos:Entities/00002/Executive has only been referred to once
