Warnings: 
entity resin:Entities/00001/teachertrainer has only been referred to once
entity resin:Entities/00002/fieldofknowledge has only been referred to once
entity resin:Entities/00003/learner has only been referred to once
entity resin:Entities/00004/means has only been referred to once
entity resin:Entities/00006/giver has only been referred to once
entity resin:Entities/00007/recipient has only been referred to once
entity resin:Entities/00008/acquiredentity has only been referred to once
entity resin:Entities/00009/paymentbarter has only been referred to once
entity resin:Entities/00010/beneficiary has only been referred to once
entity resin:Entities/00011/giver has only been referred to once
entity resin:Entities/00012/recipient has only been referred to once
entity resin:Entities/00013/acquiredentity has only been referred to once
entity resin:Entities/00014/paymentbarter has only been referred to once
entity resin:Entities/00015/beneficiary has only been referred to once
entity resin:Entities/00016/manufacturerassembler has only been referred to once
entity resin:Entities/00017/artifact has only been referred to once
entity resin:Entities/00018/components has only been referred to once
entity resin:Entities/00019/instrument has only been referred to once
entity resin:Entities/00020/place has only been referred to once
entity resin:Entities/00021/judgecourt has only been referred to once
entity resin:Entities/00022/defendant has only been referred to once
entity resin:Entities/00023/place has only been referred to once
entity resin:Entities/00024/transporter has only been referred to once
entity resin:Entities/00025/passengerartifact has only been referred to once
entity resin:Entities/00026/vehicle has only been referred to once
entity resin:Entities/00027/origin has only been referred to once
entity resin:Entities/00028/destination has only been referred to once
entity resin:Entities/00029/transporter has only been referred to once
entity resin:Entities/00030/passengerartifact has only been referred to once
entity resin:Entities/00031/vehicle has only been referred to once
entity resin:Entities/00032/origin has only been referred to once
entity resin:Entities/00033/destination has only been referred to once
entity resin:Entities/00034/attacker has only been referred to once
entity resin:Entities/00035/target has only been referred to once
entity resin:Entities/00036/instrument has only been referred to once
entity resin:Entities/00037/place has only been referred to once
entity resin:Entities/00038/attacker has only been referred to once
entity resin:Entities/00039/target has only been referred to once
entity resin:Entities/00040/instrument has only been referred to once
entity resin:Entities/00042/place has only been referred to once
entity resin:Entities/00043/demonstrator has only been referred to once
entity resin:Entities/00046/topic has only been referred to once
entity resin:Entities/00048/place has only been referred to once
entity resin:Entities/00049/demonstrator has only been referred to once
entity resin:Entities/00052/topic has only been referred to once
entity resin:Entities/00054/place has only been referred to once
entity resin:Entities/00055/driverpassenger has only been referred to once
entity resin:Entities/00056/vehicle has only been referred to once
entity resin:Entities/00057/crashobject has only been referred to once
entity resin:Entities/00058/place has only been referred to once
entity resin:Entities/00059/fireexplosionobject has only been referred to once
entity resin:Entities/00060/instrument has only been referred to once
entity resin:Entities/00061/place has only been referred to once
entity resin:Entities/00062/victim has only been referred to once
entity resin:Entities/00063/injurer has only been referred to once
entity resin:Entities/00064/instrument has only been referred to once
entity resin:Entities/00067/destroyer has only been referred to once
entity resin:Entities/00068/artifact has only been referred to once
entity resin:Entities/00069/instrument has only been referred to once
entity resin:Entities/00070/place has only been referred to once
entity resin:Entities/00071/damager has only been referred to once
entity resin:Entities/00072/artifact has only been referred to once
entity resin:Entities/00073/instrument has only been referred to once
entity resin:Entities/00074/place has only been referred to once
entity resin:Entities/00075/victim has only been referred to once
entity resin:Entities/00076/place has only been referred to once
entity resin:Entities/00078/medicalissue has only been referred to once
entity resin:Entities/00079/victim has only been referred to once
entity resin:Entities/00080/injurer has only been referred to once
entity resin:Entities/00081/instrument has only been referred to once
entity resin:Entities/00084/treater has only been referred to once
entity resin:Entities/00085/patient has only been referred to once
entity resin:Entities/00086/medicalissue has only been referred to once
entity resin:Entities/00087/instrument has only been referred to once
entity resin:Entities/00088/place has only been referred to once
entity resin:Entities/00089/transporter has only been referred to once
entity resin:Entities/00090/passengerartifact has only been referred to once
entity resin:Entities/00091/vehicle has only been referred to once
entity resin:Entities/00092/origin has only been referred to once
entity resin:Entities/00093/destination has only been referred to once
entity resin:Entities/00094/witness has only been referred to once
entity resin:Entities/00095/police has only been referred to once
entity resin:Entities/00096/topic has only been referred to once
entity resin:Entities/00097/place has only been referred to once
entity resin:Entities/00098/prosecutor has only been referred to once
entity resin:Entities/00099/defendant has only been referred to once
entity resin:Entities/00100/judgecourt has only been referred to once
entity resin:Entities/00101/place has only been referred to once
entity resin:Entities/00102/participant has only been referred to once
entity resin:Entities/00104/place has only been referred to once
entity resin:Entities/00105/investigator has only been referred to once
entity resin:Entities/00106/defendant has only been referred to once
entity resin:Entities/00107/place has only been referred to once
entity resin:Entities/00108/victim's-country-or-org-or-gpe-or-sid has only been referred to once
entity resin:Entities/00109/target has only been referred to once
entity resin:Entities/00110/instrument has only been referred to once
entity resin:Entities/00111/place has only been referred to once
entity resin:Entities/00112/jailer has only been referred to once
entity resin:Entities/00113/detainee has only been referred to once
entity resin:Entities/00114/crime has only been referred to once
entity resin:Entities/00115/prosecutor has only been referred to once
entity resin:Entities/00116/defendant has only been referred to once
entity resin:Entities/00118/place has only been referred to once
entity resin:Entities/00119/participant has only been referred to once
entity resin:Entities/00120/instrument has only been referred to once
entity resin:Entities/00121/topic has only been referred to once
entity resin:Entities/00122/place has only been referred to once
entity resin:Entities/00123/judgecourt has only been referred to once
entity resin:Entities/00124/defendant has only been referred to once
entity resin:Entities/00125/place has only been referred to once
entity resin:Entities/00126/communicator has only been referred to once
entity resin:Entities/00127/recipient has only been referred to once
entity resin:Entities/00128/instrument has only been referred to once
entity resin:Entities/00129/topic has only been referred to once
entity resin:Entities/00130/place has only been referred to once
entity resin:Entities/00131/judgecourt has only been referred to once
entity resin:Entities/00132/defendant has only been referred to once
entity resin:Entities/00133/sentence has only been referred to once
entity resin:Entities/00134/place has only been referred to once
entity resin:Entities/00135/victim has only been referred to once
entity resin:Entities/00136/place has only been referred to once
entity resin:Entities/00138/medicalissue has only been referred to once
entity resin:Entities/00139/transporter has only been referred to once
entity resin:Entities/00140/passengerartifact has only been referred to once
entity resin:Entities/00141/vehicle has only been referred to once
entity resin:Entities/00142/origin has only been referred to once
entity resin:Entities/00143/destination has only been referred to once
entity resin:Entities/00144/transporter has only been referred to once
entity resin:Entities/00145/passengerartifact has only been referred to once
entity resin:Entities/00146/vehicle has only been referred to once
entity resin:Entities/00147/origin has only been referred to once
entity resin:Entities/00148/destination has only been referred to once
