Warnings: 
event resin:Events/10031/Steps_kairos:Primitives_Events_Distribute has no participants
event resin:Events/10032/Steps_kairos:Primitives_Events_ExchangeBuySell has no participants
event resin:Events/10033/Steps_kairos:Primitives_Events_Donate has no participants
event resin:Events/10034/Steps_kairos:Primitives_Events_CloseBorder has no participants
event resin:Events/10035/Steps_kairos:Primitives_Events_StartPosition has no participants
event resin:Events/10038/Steps_kairos:Primitives_Events_Climate_Change has no participants
event resin:Events/10055/Steps_kairos:Primitives_Events_Biological_Warfare has no participants
event resin:Events/10061/Steps_kairos:Primitives_Events_Construction has no participants
event resin:Events/10066/Steps_kairos:Primitives_Events_Sanitize has no participants
event resin:Events/10067/Steps_kairos:Primitives_Events_Wash has no participants
event resin:Events/10068/Steps_kairos:Primitives_Events_Comply has no participants
event resin:Events/10069/Steps_kairos:Primitives_Events_Wear has no participants
event resin:Events/10071/Steps_kairos:Primitives_Events_Social_Distancing has no participants
event resin:Events/10073/Steps_kairos:Primitives_Events_Exchange has no participants
event resin:Events/10074/Steps_kairos:Primitives_Events_Demonstrate has no participants
event resin:Events/10083/Steps_kairos:Primitives_Events_Discussion has no participants
entity resin:Entities/00045/ has only been referred to once
entity resin:Entities/00025/ has only been referred to once
entity resin:Entities/00009/ has only been referred to once
entity resin:Entities/00010/ has only been referred to once
