Errors: 
multiple root nodes found ('resin:Events/00001/General-IED', 'resin:Events/00032/Contact-Contact-Broadcast', 'resin:Events/00017/Conflict-Demonstrate-Unspecified', 'resin:Events/00006/Contact-Contact-Unspecified')
Warnings: 
entity resin:Entities/00001/teacher-trainer has only been referred to once
entity resin:Entities/00002/field-of-knowledge has only been referred to once
entity resin:Entities/00003/learner has only been referred to once
entity resin:Entities/00004/means has only been referred to once
entity resin:Entities/00006/attacker has only been referred to once
entity resin:Entities/00007/target has only been referred to once
entity resin:Entities/00008/instrument has only been referred to once
entity resin:Entities/00009/place has only been referred to once
entity resin:Entities/00010/attacker has only been referred to once
entity resin:Entities/00011/target has only been referred to once
entity resin:Entities/00012/instrument has only been referred to once
entity resin:Entities/00013/place has only been referred to once
entity resin:Entities/00014/transporter has only been referred to once
entity resin:Entities/00015/passengerartifact has only been referred to once
entity resin:Entities/00016/vehicle has only been referred to once
entity resin:Entities/00017/origin has only been referred to once
entity resin:Entities/00018/destination has only been referred to once
entity resin:Entities/00019/participant has only been referred to once
entity resin:Entities/00020/participant has only been referred to once
entity resin:Entities/00021/topic has only been referred to once
entity resin:Entities/00022/place has only been referred to once
entity resin:Entities/00023/jailer has only been referred to once
entity resin:Entities/00024/detainee has only been referred to once
entity resin:Entities/00025/crime has only been referred to once
entity resin:Entities/00026/place has only been referred to once
entity resin:Entities/00027/giver has only been referred to once
entity resin:Entities/00028/recipient has only been referred to once
entity resin:Entities/00029/acquired-entity has only been referred to once
entity resin:Entities/00030/payment-barter has only been referred to once
entity resin:Entities/00031/beneficiary has only been referred to once
entity resin:Entities/00032/manufacturer-assembler has only been referred to once
entity resin:Entities/00033/artifact has only been referred to once
entity resin:Entities/00034/components has only been referred to once
entity resin:Entities/00035/instrument has only been referred to once
entity resin:Entities/00036/place has only been referred to once
entity resin:Entities/00037/giver has only been referred to once
entity resin:Entities/00038/recipient has only been referred to once
entity resin:Entities/00039/acquired-entity has only been referred to once
entity resin:Entities/00040/payment-barter has only been referred to once
entity resin:Entities/00041/beneficiary has only been referred to once
entity resin:Entities/00042/transporter has only been referred to once
entity resin:Entities/00043/passenger-artifact has only been referred to once
entity resin:Entities/00044/vehicle has only been referred to once
entity resin:Entities/00045/origin has only been referred to once
entity resin:Entities/00046/destination has only been referred to once
entity resin:Entities/00047/transporter has only been referred to once
entity resin:Entities/00048/passenger-artifact has only been referred to once
entity resin:Entities/00049/vehicle has only been referred to once
entity resin:Entities/00050/origin has only been referred to once
entity resin:Entities/00051/destination has only been referred to once
entity resin:Entities/00052/transporter has only been referred to once
entity resin:Entities/00053/passenger-artifact has only been referred to once
entity resin:Entities/00054/vehicle has only been referred to once
entity resin:Entities/00055/origin has only been referred to once
entity resin:Entities/00056/destination has only been referred to once
entity resin:Entities/00057/transporter has only been referred to once
entity resin:Entities/00058/passenger-artifact has only been referred to once
entity resin:Entities/00059/vehicle has only been referred to once
entity resin:Entities/00060/origin has only been referred to once
entity resin:Entities/00061/destination has only been referred to once
entity resin:Entities/00062/driver-passenger has only been referred to once
entity resin:Entities/00063/vehicle has only been referred to once
entity resin:Entities/00064/crash-object has only been referred to once
entity resin:Entities/00065/place has only been referred to once
entity resin:Entities/00066/demonstrator has only been referred to once
entity resin:Entities/00069/topic has only been referred to once
entity resin:Entities/00071/place has only been referred to once
entity resin:Entities/00072/demonstrator has only been referred to once
entity resin:Entities/00075/topic has only been referred to once
entity resin:Entities/00077/place has only been referred to once
entity resin:Entities/00078/attacker has only been referred to once
entity resin:Entities/00079/target has only been referred to once
entity resin:Entities/00080/instrument has only been referred to once
entity resin:Entities/00082/place has only been referred to once
entity resin:Entities/00083/victim has only been referred to once
entity resin:Entities/00084/injurer has only been referred to once
entity resin:Entities/00085/instrument has only been referred to once
entity resin:Entities/00088/damager has only been referred to once
entity resin:Entities/00089/artifact has only been referred to once
entity resin:Entities/00090/instrument has only been referred to once
entity resin:Entities/00091/place has only been referred to once
entity resin:Entities/00092/damager-destroyer has only been referred to once
entity resin:Entities/00093/artifact has only been referred to once
entity resin:Entities/00094/instrument has only been referred to once
entity resin:Entities/00095/place has only been referred to once
entity resin:Entities/00096/destroyer has only been referred to once
entity resin:Entities/00097/artifact has only been referred to once
entity resin:Entities/00098/instrument has only been referred to once
entity resin:Entities/00099/place has only been referred to once
entity resin:Entities/00100/victim has only been referred to once
entity resin:Entities/00101/place has only been referred to once
entity resin:Entities/00103/medical-issue has only been referred to once
entity resin:Entities/00104/treater has only been referred to once
entity resin:Entities/00105/patient has only been referred to once
entity resin:Entities/00106/medical-issue has only been referred to once
entity resin:Entities/00107/instrument has only been referred to once
entity resin:Entities/00108/place has only been referred to once
entity resin:Entities/00109/prosecutor has only been referred to once
entity resin:Entities/00110/defendant has only been referred to once
entity resin:Entities/00111/judge-court has only been referred to once
entity resin:Entities/00112/place has only been referred to once
entity resin:Entities/00113/participant has only been referred to once
entity resin:Entities/00115/place has only been referred to once
entity resin:Entities/00116/identifier has only been referred to once
entity resin:Entities/00117/identified-object has only been referred to once
entity resin:Entities/00118/identified-role has only been referred to once
entity resin:Entities/00119/place has only been referred to once
entity resin:Entities/00120/investigator has only been referred to once
entity resin:Entities/00121/defendant has only been referred to once
entity resin:Entities/00122/place has only been referred to once
entity resin:Entities/00123/prosecutor has only been referred to once
entity resin:Entities/00124/defendant has only been referred to once
entity resin:Entities/00126/place has only been referred to once
entity resin:Entities/00127/participant has only been referred to once
entity resin:Entities/00128/instrument has only been referred to once
entity resin:Entities/00129/topic has only been referred to once
entity resin:Entities/00130/place has only been referred to once
entity resin:Entities/00131/judge-court has only been referred to once
entity resin:Entities/00132/defendant has only been referred to once
entity resin:Entities/00133/place has only been referred to once
entity resin:Entities/00134/communicator has only been referred to once
entity resin:Entities/00135/recipient has only been referred to once
entity resin:Entities/00136/instrument has only been referred to once
entity resin:Entities/00137/topic has only been referred to once
entity resin:Entities/00138/place has only been referred to once
entity resin:Entities/00139/judge-court has only been referred to once
entity resin:Entities/00140/defendant has only been referred to once
entity resin:Entities/00141/sentence has only been referred to once
entity resin:Entities/00142/place has only been referred to once
