Warnings: 
entity resin:Entities/00001/teacher-trainer has only been referred to once
entity resin:Entities/00002/field-of-knowledge has only been referred to once
entity resin:Entities/00003/learner has only been referred to once
entity resin:Entities/00004/means has only been referred to once
entity resin:Entities/00006/place has only been referred to once
entity resin:Entities/00007/participant has only been referred to once
entity resin:Entities/00008/instrument has only been referred to once
entity resin:Entities/00009/topic has only been referred to once
entity resin:Entities/00010/place has only been referred to once
entity resin:Entities/00011/participant has only been referred to once
entity resin:Entities/00012/participant has only been referred to once
entity resin:Entities/00013/topic has only been referred to once
entity resin:Entities/00014/place has only been referred to once
entity resin:Entities/00015/communicator has only been referred to once
entity resin:Entities/00016/recipient has only been referred to once
entity resin:Entities/00017/instrument has only been referred to once
entity resin:Entities/00018/place has only been referred to once
entity resin:Entities/00019/giver has only been referred to once
entity resin:Entities/00020/recipient has only been referred to once
entity resin:Entities/00021/acquired-entity has only been referred to once
entity resin:Entities/00022/payment-barter has only been referred to once
entity resin:Entities/00023/beneficiary has only been referred to once
entity resin:Entities/00024/place has only been referred to once
entity resin:Entities/00025/manufacturerassembler has only been referred to once
entity resin:Entities/00026/artifact has only been referred to once
entity resin:Entities/00027/components has only been referred to once
entity resin:Entities/00028/instrument has only been referred to once
entity resin:Entities/00029/place has only been referred to once
entity resin:Entities/00030/communicator has only been referred to once
entity resin:Entities/00031/recipient has only been referred to once
entity resin:Entities/00032/instrument has only been referred to once
entity resin:Entities/00033/topic has only been referred to once
entity resin:Entities/00034/place has only been referred to once
entity resin:Entities/00035/transporter has only been referred to once
entity resin:Entities/00036/passenger-artifact has only been referred to once
entity resin:Entities/00037/vehicle has only been referred to once
entity resin:Entities/00038/origin has only been referred to once
entity resin:Entities/00039/destination has only been referred to once
entity resin:Entities/00040/impeder has only been referred to once
entity resin:Entities/00041/impeded-event has only been referred to once
entity resin:Entities/00042/place has only been referred to once
entity resin:Entities/00043/disabler has only been referred to once
entity resin:Entities/00044/artifact has only been referred to once
entity resin:Entities/00045/instrument has only been referred to once
entity resin:Entities/00046/place has only been referred to once
entity resin:Entities/00047/demonstrator has only been referred to once
entity resin:Entities/00050/topic has only been referred to once
entity resin:Entities/00052/place has only been referred to once
entity resin:Entities/00053/attacker has only been referred to once
entity resin:Entities/00054/target has only been referred to once
entity resin:Entities/00055/instrument has only been referred to once
entity resin:Entities/00056/place has only been referred to once
entity resin:Entities/00057/attacker has only been referred to once
entity resin:Entities/00058/target has only been referred to once
entity resin:Entities/00059/instrument has only been referred to once
entity resin:Entities/00061/place has only been referred to once
entity resin:Entities/00062/destroyer has only been referred to once
entity resin:Entities/00063/artifact has only been referred to once
entity resin:Entities/00064/instrument has only been referred to once
entity resin:Entities/00065/place has only been referred to once
entity resin:Entities/00066/damager has only been referred to once
entity resin:Entities/00067/artifact has only been referred to once
entity resin:Entities/00068/instrument has only been referred to once
entity resin:Entities/00069/place has only been referred to once
entity resin:Entities/00070/victim has only been referred to once
entity resin:Entities/00071/injurer has only been referred to once
entity resin:Entities/00072/instrument has only been referred to once
entity resin:Entities/00075/place has only been referred to once
entity resin:Entities/00076/victim has only been referred to once
entity resin:Entities/00077/place has only been referred to once
entity resin:Entities/00079/medical-issue has only been referred to once
entity resin:Entities/00080/transporter has only been referred to once
entity resin:Entities/00081/passenger-artifact has only been referred to once
entity resin:Entities/00082/vehicle has only been referred to once
entity resin:Entities/00083/origin has only been referred to once
entity resin:Entities/00084/destination has only been referred to once
entity resin:Entities/00085/participant has only been referred to once
entity resin:Entities/00086/instrument has only been referred to once
entity resin:Entities/00087/topic has only been referred to once
entity resin:Entities/00088/place has only been referred to once
entity resin:Entities/00089/treater has only been referred to once
entity resin:Entities/00090/patient has only been referred to once
entity resin:Entities/00091/medical-issue has only been referred to once
entity resin:Entities/00092/instrument has only been referred to once
entity resin:Entities/00093/place has only been referred to once
entity resin:Entities/00094/participant has only been referred to once
entity resin:Entities/00095/instrument has only been referred to once
entity resin:Entities/00096/topic has only been referred to once
entity resin:Entities/00097/place has only been referred to once
entity resin:Entities/00098/impeder has only been referred to once
entity resin:Entities/00099/impeded-event has only been referred to once
entity resin:Entities/00100/place has only been referred to once
entity resin:Entities/00101/investigator has only been referred to once
entity resin:Entities/00102/defendant has only been referred to once
entity resin:Entities/00103/place has only been referred to once
entity resin:Entities/00104/identifier has only been referred to once
entity resin:Entities/00105/identifiedobject has only been referred to once
entity resin:Entities/00106/identified-role has only been referred to once
entity resin:Entities/00107/place has only been referred to once
entity resin:Entities/00108/demonstrator has only been referred to once
entity resin:Entities/00111/topic has only been referred to once
entity resin:Entities/00113/place has only been referred to once
entity resin:Entities/00114/jailer has only been referred to once
entity resin:Entities/00115/detainee has only been referred to once
entity resin:Entities/00116/crime has only been referred to once
entity resin:Entities/00117/place has only been referred to once
entity resin:Entities/00118/prosecutor has only been referred to once
entity resin:Entities/00119/defendant has only been referred to once
entity resin:Entities/00121/place has only been referred to once
entity resin:Entities/00122/prosecutor has only been referred to once
entity resin:Entities/00123/defendant has only been referred to once
entity resin:Entities/00124/judge-court has only been referred to once
entity resin:Entities/00125/place has only been referred to once
entity resin:Entities/00126/judge-court has only been referred to once
entity resin:Entities/00127/defendant has only been referred to once
entity resin:Entities/00128/place has only been referred to once
entity resin:Entities/00129/judge-court has only been referred to once
entity resin:Entities/00130/defendant has only been referred to once
entity resin:Entities/00131/sentence has only been referred to once
entity resin:Entities/00132/place has only been referred to once
entity resin:Entities/00133/jailer has only been referred to once
entity resin:Entities/00134/detainee has only been referred to once
entity resin:Entities/00135/crime has only been referred to once
entity resin:Entities/00136/place has only been referred to once
entity resin:Entities/00137/judge-court has only been referred to once
entity resin:Entities/00138/defendant has only been referred to once
entity resin:Entities/00139/crime has only been referred to once
entity resin:Entities/00140/place has only been referred to once
entity resin:Entities/00141/judge-court has only been referred to once
entity resin:Entities/00142/defendant has only been referred to once
entity resin:Entities/00143/crime has only been referred to once
entity resin:Entities/00144/place has only been referred to once
