Warnings: 
entity resin:Entities/00001/attacker has only been referred to once
entity resin:Entities/00002/target has only been referred to once
entity resin:Entities/00003/instrument has only been referred to once
entity resin:Entities/00004/place has only been referred to once
entity resin:Entities/00005/damager has only been referred to once
entity resin:Entities/00006/artifact has only been referred to once
entity resin:Entities/00007/instrument has only been referred to once
entity resin:Entities/00008/place has only been referred to once
entity resin:Entities/00009/judgecourt has only been referred to once
entity resin:Entities/00010/defendant has only been referred to once
entity resin:Entities/00011/place has only been referred to once
entity resin:Entities/00012/victim has only been referred to once
entity resin:Entities/00013/place has only been referred to once
entity resin:Entities/00015/medicalissue has only been referred to once
entity resin:Entities/00016/transporter has only been referred to once
entity resin:Entities/00017/passengerartifact has only been referred to once
entity resin:Entities/00018/vehicle has only been referred to once
entity resin:Entities/00019/origin has only been referred to once
entity resin:Entities/00020/destination has only been referred to once
entity resin:Entities/00021/victim has only been referred to once
entity resin:Entities/00022/injurer has only been referred to once
entity resin:Entities/00023/instrument has only been referred to once
entity resin:Entities/00026/place has only been referred to once
entity resin:Entities/00027/treater has only been referred to once
entity resin:Entities/00028/patient has only been referred to once
entity resin:Entities/00029/medicalissue has only been referred to once
entity resin:Entities/00030/instrument has only been referred to once
entity resin:Entities/00031/place has only been referred to once
entity resin:Entities/00032/jailer has only been referred to once
entity resin:Entities/00033/detainee has only been referred to once
entity resin:Entities/00034/crime has only been referred to once
entity resin:Entities/00035/prosecutor has only been referred to once
entity resin:Entities/00036/defendant has only been referred to once
entity resin:Entities/00037/judgecourt has only been referred to once
entity resin:Entities/00038/place has only been referred to once
entity resin:Entities/00039/participant has only been referred to once
entity resin:Entities/00041/place has only been referred to once
entity resin:Entities/00042/investigator has only been referred to once
entity resin:Entities/00043/defendant has only been referred to once
entity resin:Entities/00044/place has only been referred to once
entity resin:Entities/00045/transporter has only been referred to once
entity resin:Entities/00046/passengerartifact has only been referred to once
entity resin:Entities/00047/vehicle has only been referred to once
entity resin:Entities/00048/origin has only been referred to once
entity resin:Entities/00049/destination has only been referred to once
entity resin:Entities/00050/witness has only been referred to once
entity resin:Entities/00051/police has only been referred to once
entity resin:Entities/00052/topic has only been referred to once
entity resin:Entities/00053/place has only been referred to once
entity resin:Entities/00054/demonstrator has only been referred to once
entity resin:Entities/00057/topic has only been referred to once
entity resin:Entities/00059/place has only been referred to once
entity resin:Entities/00060/demonstrator has only been referred to once
entity resin:Entities/00063/topic has only been referred to once
entity resin:Entities/00065/place has only been referred to once
entity resin:Entities/00066/victim's-country-or-org-or-gpe-or-sid has only been referred to once
entity resin:Entities/00067/target has only been referred to once
entity resin:Entities/00068/instrument has only been referred to once
entity resin:Entities/00069/place has only been referred to once
entity resin:Entities/00070/prosecutor has only been referred to once
entity resin:Entities/00071/defendant has only been referred to once
entity resin:Entities/00073/place has only been referred to once
entity resin:Entities/00074/participant has only been referred to once
entity resin:Entities/00075/instrument has only been referred to once
entity resin:Entities/00076/topic has only been referred to once
entity resin:Entities/00077/place has only been referred to once
entity resin:Entities/00078/judgecourt has only been referred to once
entity resin:Entities/00079/defendant has only been referred to once
entity resin:Entities/00080/place has only been referred to once
entity resin:Entities/00081/communicator has only been referred to once
entity resin:Entities/00082/recipient has only been referred to once
entity resin:Entities/00083/instrument has only been referred to once
entity resin:Entities/00084/topic has only been referred to once
entity resin:Entities/00085/place has only been referred to once
entity resin:Entities/00086/judgecourt has only been referred to once
entity resin:Entities/00087/defendant has only been referred to once
entity resin:Entities/00088/sentence has only been referred to once
entity resin:Entities/00089/place has only been referred to once
