Errors: 
multiple root nodes found ('resin:Events/00001/General-IED', 'resin:Events/00008/Justice-Acquit-Unspecified', 'resin:Events/00028/Conflict-Attack-Unspecified', 'resin:Events/00025/Conflict-Demonstrate-Unspecified', 'resin:Events/00023/Contact-Contact-Broadcast')
Warnings: 
entity resin:Entities/00001/teachertrainer has only been referred to once
entity resin:Entities/00002/fieldofknowledge has only been referred to once
entity resin:Entities/00003/learner has only been referred to once
entity resin:Entities/00004/means has only been referred to once
entity resin:Entities/00006/giver has only been referred to once
entity resin:Entities/00007/recipient has only been referred to once
entity resin:Entities/00008/acquiredentity has only been referred to once
entity resin:Entities/00009/paymentbarter has only been referred to once
entity resin:Entities/00010/beneficiary has only been referred to once
entity resin:Entities/00011/manufacturerassembler has only been referred to once
entity resin:Entities/00012/artifact has only been referred to once
entity resin:Entities/00013/components has only been referred to once
entity resin:Entities/00014/instrument has only been referred to once
entity resin:Entities/00015/place has only been referred to once
entity resin:Entities/00016/transporter has only been referred to once
entity resin:Entities/00017/passengerartifact has only been referred to once
entity resin:Entities/00018/vehicle has only been referred to once
entity resin:Entities/00019/origin has only been referred to once
entity resin:Entities/00020/destination has only been referred to once
entity resin:Entities/00021/transporter has only been referred to once
entity resin:Entities/00022/passengerartifact has only been referred to once
entity resin:Entities/00023/vehicle has only been referred to once
entity resin:Entities/00024/origin has only been referred to once
entity resin:Entities/00025/destination has only been referred to once
entity resin:Entities/00026/transporter has only been referred to once
entity resin:Entities/00027/passengerartifact has only been referred to once
entity resin:Entities/00028/vehicle has only been referred to once
entity resin:Entities/00029/origin has only been referred to once
entity resin:Entities/00030/destination has only been referred to once
entity resin:Entities/00031/judgecourt has only been referred to once
entity resin:Entities/00032/defendant has only been referred to once
entity resin:Entities/00033/place has only been referred to once
entity resin:Entities/00034/attacker has only been referred to once
entity resin:Entities/00035/target has only been referred to once
entity resin:Entities/00036/instrument has only been referred to once
entity resin:Entities/00037/place has only been referred to once
entity resin:Entities/00038/attacker has only been referred to once
entity resin:Entities/00039/target has only been referred to once
entity resin:Entities/00040/instrument has only been referred to once
entity resin:Entities/00042/place has only been referred to once
entity resin:Entities/00043/victim has only been referred to once
entity resin:Entities/00044/injurer has only been referred to once
entity resin:Entities/00045/instrument has only been referred to once
entity resin:Entities/00048/damager has only been referred to once
entity resin:Entities/00049/artifact has only been referred to once
entity resin:Entities/00050/instrument has only been referred to once
entity resin:Entities/00051/place has only been referred to once
entity resin:Entities/00052/victim has only been referred to once
entity resin:Entities/00053/place has only been referred to once
entity resin:Entities/00055/medicalissue has only been referred to once
entity resin:Entities/00056/treater has only been referred to once
entity resin:Entities/00057/patient has only been referred to once
entity resin:Entities/00058/medicalissue has only been referred to once
entity resin:Entities/00059/instrument has only been referred to once
entity resin:Entities/00060/place has only been referred to once
entity resin:Entities/00061/transporter has only been referred to once
entity resin:Entities/00062/passengerartifact has only been referred to once
entity resin:Entities/00063/vehicle has only been referred to once
entity resin:Entities/00064/origin has only been referred to once
entity resin:Entities/00065/destination has only been referred to once
entity resin:Entities/00066/jailer has only been referred to once
entity resin:Entities/00067/detainee has only been referred to once
entity resin:Entities/00068/crime has only been referred to once
entity resin:Entities/00069/prosecutor has only been referred to once
entity resin:Entities/00070/defendant has only been referred to once
entity resin:Entities/00071/judgecourt has only been referred to once
entity resin:Entities/00072/place has only been referred to once
entity resin:Entities/00073/participant has only been referred to once
entity resin:Entities/00075/place has only been referred to once
entity resin:Entities/00076/investigator has only been referred to once
entity resin:Entities/00077/defendant has only been referred to once
entity resin:Entities/00078/place has only been referred to once
entity resin:Entities/00079/prosecutor has only been referred to once
entity resin:Entities/00080/defendant has only been referred to once
entity resin:Entities/00082/place has only been referred to once
entity resin:Entities/00083/participant has only been referred to once
entity resin:Entities/00084/instrument has only been referred to once
entity resin:Entities/00085/topic has only been referred to once
entity resin:Entities/00086/place has only been referred to once
entity resin:Entities/00087/judgecourt has only been referred to once
entity resin:Entities/00088/defendant has only been referred to once
entity resin:Entities/00089/place has only been referred to once
entity resin:Entities/00090/communicator has only been referred to once
entity resin:Entities/00091/recipient has only been referred to once
entity resin:Entities/00092/instrument has only been referred to once
entity resin:Entities/00093/topic has only been referred to once
entity resin:Entities/00094/place has only been referred to once
entity resin:Entities/00095/demonstrator has only been referred to once
entity resin:Entities/00098/topic has only been referred to once
entity resin:Entities/00100/place has only been referred to once
entity resin:Entities/00101/demonstrator has only been referred to once
entity resin:Entities/00104/topic has only been referred to once
entity resin:Entities/00106/place has only been referred to once
entity resin:Entities/00107/transporter has only been referred to once
entity resin:Entities/00108/passengerartifact has only been referred to once
entity resin:Entities/00109/vehicle has only been referred to once
entity resin:Entities/00110/origin has only been referred to once
entity resin:Entities/00111/destination has only been referred to once
entity resin:Entities/00112/witness has only been referred to once
entity resin:Entities/00113/police has only been referred to once
entity resin:Entities/00114/topic has only been referred to once
entity resin:Entities/00115/place has only been referred to once
entity resin:Entities/00116/victim's-country-or-org-or-gpe-or-sid has only been referred to once
entity resin:Entities/00117/target has only been referred to once
entity resin:Entities/00118/instrument has only been referred to once
entity resin:Entities/00119/place has only been referred to once
entity resin:Entities/00120/judgecourt has only been referred to once
entity resin:Entities/00121/defendant has only been referred to once
entity resin:Entities/00122/sentence has only been referred to once
entity resin:Entities/00123/place has only been referred to once
